C51 COMPILER V8.05a   RTX51_TINY                                                           06/24/2017 12:40:27 PAGE 1   


C51 COMPILER V8.05a, COMPILATION OF MODULE RTX51_TINY
OBJECT MODULE PLACED IN .\RTX51_TINY.obj
COMPILER INVOKED BY: C:\Keil_v5\C51\BIN\C51.EXE ..\SOFTWARE\RTOS\RTX51_TINY.c LARGE BROWSE DEBUG OBJECTEXTEND PRINT(.\RT
                    -X51_TINY.lst) TABS(2) OBJECT(.\RTX51_TINY.obj)

line level    source

   1          /******************************************************************************/
   2          /*                                                                            */
   3          /*                     RTX_EX2.C:  A RTX-51 Application                       */
   4          /*                                                                            */
   5          /******************************************************************************/
   6          
   7          #include <rtx51tny.h>                 /* RTX-51 tiny functions & defines      */
   8          
   9          long counter0;                        /* counter for task 0                   */
  10          long counter1;                        /* counter for task 1                   */
  11          long counter2;                        /* counter for task 2                   */
  12          long counter3;                        /* counter for task 2                   */
  13          
  14          /******************************************************************************/
  15          /*       Task 0 'job0':  RTX-51 tiny starts execution with task 0             */
  16          /******************************************************************************/
  17          job0 () _task_ 0  {                  
  18   1        os_create_task (1);                 /* start task 1                         */
  19   1        os_create_task (2);                 /* start task 2                         */
  20   1        os_create_task (3);                 /* start task 3                         */
  21   1      
  22   1        while (1)  {                        /* endless loop                         */
  23   2          counter0++;                       /* increment counter 0                  */
  24   2          os_wait (K_TMO, 5, 0);            /* wait for timeout: 5 ticks            */
  25   2        }
  26   1      }
  27          
  28          /******************************************************************************/
  29          /*   Task 1 'job1':  RTX-51 tiny starts this task with os_create_task (1)     */
  30          /******************************************************************************/
  31          job1 () _task_ 1  {
  32   1        while (1)  {                        /* endless loop                         */
  33   2          counter1++;                       /* increment counter 1                  */
  34   2          os_wait (K_TMO, 10, 0);           /* wait for timeout: 10 ticks           */
  35   2        }
  36   1      }
  37          
  38          /******************************************************************************/
  39          /*    Task 2 'job2':  RTX-51 tiny starts this task with os_create_task (2)    */
  40          /******************************************************************************/
  41          job2 () _task_ 2  {
  42   1        while (1)  {                        /* endless loop                         */
  43   2          counter2++;                       /* increment counter 2                  */
  44   2          if ((counter2 & 0xFFFF) == 0)  {  /* signal overrun of counter 2          */
  45   3            os_send_signal (3);             /* to task 3                            */
  46   3          }
  47   2        }
  48   1      }
  49          
  50          /******************************************************************************/
  51          /*    Task 3 'job3':  RTX-51 tiny starts this task with os_create_task (3)    */
  52          /******************************************************************************/
  53          job3 () _task_ 3  {
  54   1        while (1)  {                        /* endless loop                         */
C51 COMPILER V8.05a   RTX51_TINY                                                           06/24/2017 12:40:27 PAGE 2   

  55   2          os_wait (K_SIG, 0, 0);            /* wait for signal                      */
  56   2          counter3++;                       /* process overflow from counter 2      */
  57   2        }
  58   1      }


MODULE INFORMATION:   STATIC OVERLAYABLE
   CODE SIZE        =    220    ----
   CONSTANT SIZE    =   ----    ----
   XDATA SIZE       =     16    ----
   PDATA SIZE       =   ----    ----
   DATA SIZE        =   ----    ----
   IDATA SIZE       =   ----    ----
   BIT SIZE         =   ----    ----
END OF MODULE INFORMATION.


C51 COMPILATION COMPLETE.  0 WARNING(S),  0 ERROR(S)
